  pch.cpp
  dllmain.cpp
  operations.cpp
C:\Users\vanes\Desktop\OperationsDLL\OperationsDLL\operations.cpp(13,30): warning C4273: 'andf': vínculo de dll inconsistente
C:\Users\vanes\Desktop\OperationsDLL\OperationsDLL\operations.h(9,31): message : consulte a definição anterior de 'andf'
C:\Users\vanes\Desktop\OperationsDLL\OperationsDLL\operations.cpp(22,24): warning C4273: 'xorf': vínculo de dll inconsistente
C:\Users\vanes\Desktop\OperationsDLL\OperationsDLL\operations.h(11,31): message : consulte a definição anterior de 'xorf'
C:\Users\vanes\Desktop\OperationsDLL\OperationsDLL\operations.cpp(26,25): warning C4273: 'xnorf': vínculo de dll inconsistente
C:\Users\vanes\Desktop\OperationsDLL\OperationsDLL\operations.h(13,31): message : consulte a definição anterior de 'xnorf'
C:\Users\vanes\Desktop\OperationsDLL\OperationsDLL\operations.cpp(30,23): warning C4273: 'orf': vínculo de dll inconsistente
C:\Users\vanes\Desktop\OperationsDLL\OperationsDLL\operations.h(15,31): message : consulte a definição anterior de 'orf'
C:\Users\vanes\Desktop\OperationsDLL\OperationsDLL\operations.cpp(39,26): warning C4273: 'notorf': vínculo de dll inconsistente
C:\Users\vanes\Desktop\OperationsDLL\OperationsDLL\operations.h(17,31): message : consulte a definição anterior de 'notorf'
C:\Users\vanes\Desktop\OperationsDLL\OperationsDLL\operations.cpp(50,44): warning C4273: 'bin_to_dec_unipolar': vínculo de dll inconsistente
C:\Users\vanes\Desktop\OperationsDLL\OperationsDLL\operations.h(19,31): message : consulte a definição anterior de 'bin_to_dec_unipolar'
C:\Users\vanes\Desktop\OperationsDLL\OperationsDLL\operations.cpp(55,31): warning C4244: '+=': conversão de 'double' para 'int', possível perda de dados
C:\Users\vanes\Desktop\OperationsDLL\OperationsDLL\operations.cpp(61,61): warning C4273: 'dec_to_bin_unipolar': vínculo de dll inconsistente
C:\Users\vanes\Desktop\OperationsDLL\OperationsDLL\operations.h(21,32): message : consulte a definição anterior de 'dec_to_bin_unipolar'
C:\Users\vanes\Desktop\OperationsDLL\OperationsDLL\operations.cpp(63,35): warning C4244: 'argumento': conversão de 'int' para 'float', possível perda de dados
C:\Users\vanes\Desktop\OperationsDLL\OperationsDLL\operations.cpp(63,20): warning C4244: 'inicializando': conversão de 'float' para 'int', possível perda de dados
C:\Users\vanes\Desktop\OperationsDLL\OperationsDLL\operations.cpp(77,60): warning C4273: 'dec_to_bin_bipolar': vínculo de dll inconsistente
C:\Users\vanes\Desktop\OperationsDLL\OperationsDLL\operations.h(23,32): message : consulte a definição anterior de 'dec_to_bin_bipolar'
C:\Users\vanes\Desktop\OperationsDLL\OperationsDLL\operations.cpp(78,35): warning C4244: 'argumento': conversão de 'int' para 'float', possível perda de dados
C:\Users\vanes\Desktop\OperationsDLL\OperationsDLL\operations.cpp(78,20): warning C4244: 'inicializando': conversão de 'float' para 'int', possível perda de dados
C:\Users\vanes\Desktop\OperationsDLL\OperationsDLL\operations.cpp(100,43): warning C4273: 'bin_to_dec_bipolar': vínculo de dll inconsistente
C:\Users\vanes\Desktop\OperationsDLL\OperationsDLL\operations.h(25,31): message : consulte a definição anterior de 'bin_to_dec_bipolar'
C:\Users\vanes\Desktop\OperationsDLL\OperationsDLL\operations.cpp(105,31): warning C4244: '+=': conversão de 'double' para 'int', possível perda de dados
C:\Users\vanes\Desktop\OperationsDLL\OperationsDLL\operations.cpp(110,35): warning C4244: '+=': conversão de 'double' para 'int', possível perda de dados
C:\Users\vanes\Desktop\OperationsDLL\OperationsDLL\operations.cpp(118,39): warning C4273: 'rng_unipolar': vínculo de dll inconsistente
C:\Users\vanes\Desktop\OperationsDLL\OperationsDLL\operations.h(27,32): message : consulte a definição anterior de 'rng_unipolar'
C:\Users\vanes\Desktop\OperationsDLL\OperationsDLL\operations.cpp(150,36): warning C4273: 'rng_bipolar': vínculo de dll inconsistente
C:\Users\vanes\Desktop\OperationsDLL\OperationsDLL\operations.h(29,31): message : consulte a definição anterior de 'rng_bipolar'
C:\Users\vanes\Desktop\OperationsDLL\OperationsDLL\operations.cpp(203,30): warning C4273: 'sng_uni_bi': vínculo de dll inconsistente
C:\Users\vanes\Desktop\OperationsDLL\OperationsDLL\operations.h(31,31): message : consulte a definição anterior de 'sng_uni_bi'
C:\Users\vanes\Desktop\OperationsDLL\OperationsDLL\operations.cpp(208,47): warning C4273: 'sng_sm': vínculo de dll inconsistente
C:\Users\vanes\Desktop\OperationsDLL\OperationsDLL\operations.h(33,31): message : consulte a definição anterior de 'sng_sm'
C:\Users\vanes\Desktop\OperationsDLL\OperationsDLL\operations.cpp(210,34): warning C4244: 'argumento': conversão de 'int' para 'float', possível perda de dados
C:\Users\vanes\Desktop\OperationsDLL\OperationsDLL\operations.cpp(210,11): warning C4244: '=': conversão de 'float' para 'int', possível perda de dados
C:\Users\vanes\Desktop\OperationsDLL\OperationsDLL\operations.cpp(211,34): warning C4244: 'argumento': conversão de 'int' para 'float', possível perda de dados
C:\Users\vanes\Desktop\OperationsDLL\OperationsDLL\operations.cpp(211,11): warning C4244: '=': conversão de 'float' para 'int', possível perda de dados
C:\Users\vanes\Desktop\OperationsDLL\OperationsDLL\operations.cpp(220,39): warning C4273: 'inv_step_uni_bi': vínculo de dll inconsistente
C:\Users\vanes\Desktop\OperationsDLL\OperationsDLL\operations.h(35,31): message : consulte a definição anterior de 'inv_step_uni_bi'
C:\Users\vanes\Desktop\OperationsDLL\OperationsDLL\operations.cpp(227,25): warning C4273: 'inv_step_sm': vínculo de dll inconsistente
C:\Users\vanes\Desktop\OperationsDLL\OperationsDLL\operations.h(37,31): message : consulte a definição anterior de 'inv_step_sm'
C:\Users\vanes\Desktop\OperationsDLL\OperationsDLL\operations.cpp(240,40): warning C4273: 'unipolar_dif': vínculo de dll inconsistente
C:\Users\vanes\Desktop\OperationsDLL\OperationsDLL\operations.h(39,31): message : consulte a definição anterior de 'unipolar_dif'
C:\Users\vanes\Desktop\OperationsDLL\OperationsDLL\operations.cpp(259,40): warning C4273: 'unipolar_max': vínculo de dll inconsistente
C:\Users\vanes\Desktop\OperationsDLL\OperationsDLL\operations.h(41,31): message : consulte a definição anterior de 'unipolar_max'
C:\Users\vanes\Desktop\OperationsDLL\OperationsDLL\operations.cpp(278,65): warning C4273: 'unipolar_mean': vínculo de dll inconsistente
C:\Users\vanes\Desktop\OperationsDLL\OperationsDLL\operations.h(43,31): message : consulte a definição anterior de 'unipolar_mean'
C:\Users\vanes\Desktop\OperationsDLL\OperationsDLL\operations.cpp(309,52): warning C4273: 'unipolar_mac': vínculo de dll inconsistente
C:\Users\vanes\Desktop\OperationsDLL\OperationsDLL\operations.h(45,31): message : consulte a definição anterior de 'unipolar_mac'
C:\Users\vanes\Desktop\OperationsDLL\OperationsDLL\operations.cpp(334,49): warning C4273: 'bipolar_dif': vínculo de dll inconsistente
C:\Users\vanes\Desktop\OperationsDLL\OperationsDLL\operations.h(47,31): message : consulte a definição anterior de 'bipolar_dif'
C:\Users\vanes\Desktop\OperationsDLL\OperationsDLL\operations.cpp(342,54): warning C4244: 'argumento': conversão de 'double' para 'int', possível perda de dados
C:\Users\vanes\Desktop\OperationsDLL\OperationsDLL\operations.cpp(343,54): warning C4244: 'argumento': conversão de 'double' para 'int', possível perda de dados
C:\Users\vanes\Desktop\OperationsDLL\OperationsDLL\operations.cpp(353,49): warning C4273: 'bipolar_max': vínculo de dll inconsistente
C:\Users\vanes\Desktop\OperationsDLL\OperationsDLL\operations.h(49,31): message : consulte a definição anterior de 'bipolar_max'
C:\Users\vanes\Desktop\OperationsDLL\OperationsDLL\operations.cpp(355,32): warning C4244: 'argumento': conversão de 'int' para 'float', possível perda de dados
C:\Users\vanes\Desktop\OperationsDLL\OperationsDLL\operations.cpp(355,16): warning C4244: 'inicializando': conversão de 'float' para 'int', possível perda de dados
C:\Users\vanes\Desktop\OperationsDLL\OperationsDLL\operations.cpp(362,54): warning C4244: 'argumento': conversão de 'double' para 'int', possível perda de dados
C:\Users\vanes\Desktop\OperationsDLL\OperationsDLL\operations.cpp(363,54): warning C4244: 'argumento': conversão de 'double' para 'int', possível perda de dados
C:\Users\vanes\Desktop\OperationsDLL\OperationsDLL\operations.cpp(373,64): warning C4273: 'bipolar_mean': vínculo de dll inconsistente
C:\Users\vanes\Desktop\OperationsDLL\OperationsDLL\operations.h(51,31): message : consulte a definição anterior de 'bipolar_mean'
C:\Users\vanes\Desktop\OperationsDLL\OperationsDLL\operations.cpp(374,32): warning C4244: 'argumento': conversão de 'int' para 'float', possível perda de dados
C:\Users\vanes\Desktop\OperationsDLL\OperationsDLL\operations.cpp(374,16): warning C4244: 'inicializando': conversão de 'float' para 'int', possível perda de dados
C:\Users\vanes\Desktop\OperationsDLL\OperationsDLL\operations.cpp(386,54): warning C4244: 'argumento': conversão de 'double' para 'int', possível perda de dados
C:\Users\vanes\Desktop\OperationsDLL\OperationsDLL\operations.cpp(387,54): warning C4244: 'argumento': conversão de 'double' para 'int', possível perda de dados
C:\Users\vanes\Desktop\OperationsDLL\OperationsDLL\operations.cpp(403,59): warning C4273: 'bipolar_mac': vínculo de dll inconsistente
C:\Users\vanes\Desktop\OperationsDLL\OperationsDLL\operations.h(53,31): message : consulte a definição anterior de 'bipolar_mac'
C:\Users\vanes\Desktop\OperationsDLL\OperationsDLL\operations.cpp(404,21): warning C4244: 'argumento': conversão de 'int' para 'float', possível perda de dados
C:\Users\vanes\Desktop\OperationsDLL\OperationsDLL\operations.cpp(404,11): warning C4244: 'inicializando': conversão de 'float' para 'int', possível perda de dados
C:\Users\vanes\Desktop\OperationsDLL\OperationsDLL\operations.cpp(426,53): warning C4244: 'argumento': conversão de 'double' para 'int', possível perda de dados
C:\Users\vanes\Desktop\OperationsDLL\OperationsDLL\operations.cpp(448,59): warning C4273: 'sign_mag_mac': vínculo de dll inconsistente
C:\Users\vanes\Desktop\OperationsDLL\OperationsDLL\operations.h(55,31): message : consulte a definição anterior de 'sign_mag_mac'
C:\Users\vanes\Desktop\OperationsDLL\OperationsDLL\operations.cpp(491,61): warning C4273: 'operation': vínculo de dll inconsistente
C:\Users\vanes\Desktop\OperationsDLL\OperationsDLL\operations.h(57,31): message : consulte a definição anterior de 'operation'
C:\Users\vanes\Desktop\OperationsDLL\OperationsDLL\operations.cpp(526,42): warning C4273: 'scale': vínculo de dll inconsistente
C:\Users\vanes\Desktop\OperationsDLL\OperationsDLL\operations.h(59,33): message : consulte a definição anterior de 'scale'
C:\Users\vanes\Desktop\OperationsDLL\OperationsDLL\operations.cpp(527,17): warning C4244: 'inicializando': conversão de 'double' para 'int', possível perda de dados
C:\Users\vanes\Desktop\OperationsDLL\OperationsDLL\operations.cpp(530,22): warning C4244: '=': conversão de 'double' para 'int', possível perda de dados
  Gerando Código...
     Criando biblioteca C:\Users\vanes\Desktop\OperationsDLL\Debug\OperationsDLL.lib e objeto C:\Users\vanes\Desktop\OperationsDLL\Debug\OperationsDLL.exp
  OperationsDLL.vcxproj -> C:\Users\vanes\Desktop\OperationsDLL\Debug\OperationsDLL.dll
